[2016-08-24 07:59:16.520] [TRACE] main - Test Trace...
[2016-08-24 07:59:16.520] [DEBUG] main - Test Debug...
[2016-08-24 07:59:16.520] [INFO] main - Test Info...
[2016-08-24 07:59:16.520] [WARN] main - Test Warn...
[2016-08-24 07:59:16.520] [ERROR] main - Test Error...
[2016-08-24 07:59:16.520] [FATAL] main - Test Fatal...
[2016-08-24 07:59:16.520] [INFO] main - Logger Initialized...
[2016-08-24 07:59:16.520] [INFO] main - Starting Bot
[2016-08-24 07:59:43.716] [TRACE] main - Test Trace...
[2016-08-24 07:59:43.716] [DEBUG] main - Test Debug...
[2016-08-24 07:59:43.716] [INFO] main - Test Info...
[2016-08-24 07:59:43.716] [WARN] main - Test Warn...
[2016-08-24 07:59:43.716] [ERROR] main - Test Error...
[2016-08-24 07:59:43.716] [FATAL] main - Test Fatal...
[2016-08-24 07:59:43.716] [INFO] main - Logger Initialized...
[2016-08-24 07:59:43.716] [INFO] main - Starting Bot
[2016-08-24 08:00:51.711] [TRACE] main - Test Trace...
[2016-08-24 08:00:51.711] [DEBUG] main - Test Debug...
[2016-08-24 08:00:51.711] [INFO] main - Test Info...
[2016-08-24 08:00:51.711] [WARN] main - Test Warn...
[2016-08-24 08:00:51.711] [ERROR] main - Test Error...
[2016-08-24 08:00:51.711] [FATAL] main - Test Fatal...
[2016-08-24 08:00:51.711] [INFO] main - Logger Initialized...
[2016-08-24 08:00:51.711] [INFO] main - Starting Bot
[2016-08-24 08:00:51.838] [INFO] main - Rest Server started on 3978
[2016-08-24 08:02:39.749] [TRACE] main - Test Trace...
[2016-08-24 08:02:39.749] [DEBUG] main - Test Debug...
[2016-08-24 08:02:39.749] [INFO] main - Test Info...
[2016-08-24 08:02:39.749] [WARN] main - Test Warn...
[2016-08-24 08:02:39.749] [ERROR] main - Test Error...
[2016-08-24 08:02:39.749] [FATAL] main - Test Fatal...
[2016-08-24 08:02:39.749] [INFO] main - Logger Initialized...
[2016-08-24 08:02:39.749] [INFO] main - Starting Bot
[2016-08-24 08:02:39.870] [INFO] main - Bot[[object Object]] attached on [/api/messages]
[2016-08-24 08:02:39.870] [INFO] main - Rest Server started on 3978
[2016-08-24 08:02:54.151] [TRACE] main - Test Trace...
[2016-08-24 08:02:54.151] [DEBUG] main - Test Debug...
[2016-08-24 08:02:54.151] [INFO] main - Test Info...
[2016-08-24 08:02:54.151] [WARN] main - Test Warn...
[2016-08-24 08:02:54.151] [ERROR] main - Test Error...
[2016-08-24 08:02:54.151] [FATAL] main - Test Fatal...
[2016-08-24 08:02:54.151] [INFO] main - Logger Initialized...
[2016-08-24 08:02:54.151] [INFO] main - Starting Bot
[2016-08-24 08:02:54.271] [INFO] main - Bot[undefined] attached on [/api/messages]
[2016-08-24 08:02:54.271] [INFO] main - Rest Server started on 3978
[2016-08-24 08:06:27.714] [TRACE] main - Test Trace...
[2016-08-24 08:06:27.724] [DEBUG] main - Test Debug...
[2016-08-24 08:06:27.724] [INFO] main - Test Info...
[2016-08-24 08:06:27.724] [WARN] main - Test Warn...
[2016-08-24 08:06:27.724] [ERROR] main - Test Error...
[2016-08-24 08:06:27.724] [FATAL] main - Test Fatal...
[2016-08-24 08:06:27.724] [INFO] main - Logger Initialized...
[2016-08-24 08:06:27.724] [INFO] main - Starting Bot
[2016-08-24 08:06:27.834] [INFO] main - Creating Bot
[2016-08-24 08:06:27.834] [INFO] main - Adding Dialogs
[2016-08-24 08:06:27.834] [INFO] main - Creating Root Intent
[2016-08-24 08:06:27.844] [INFO] main - Creating Root Intent
[2016-08-24 08:06:27.844] [INFO] main - Bot attached on [/api/messages]
[2016-08-24 08:06:27.844] [INFO] main - Rest Server started on 3978
[2016-08-24 08:06:54.901] [TRACE] main - Test Trace...
[2016-08-24 08:06:54.901] [DEBUG] main - Test Debug...
[2016-08-24 08:06:54.901] [INFO] main - Test Info...
[2016-08-24 08:06:54.901] [WARN] main - Test Warn...
[2016-08-24 08:06:54.901] [ERROR] main - Test Error...
[2016-08-24 08:06:54.901] [FATAL] main - Test Fatal...
[2016-08-24 08:06:54.901] [INFO] main - Logger Initialized...
[2016-08-24 08:06:54.901] [INFO] main - Starting App
[2016-08-24 08:06:55.021] [INFO] main - Creating Bot
[2016-08-24 08:06:55.021] [INFO] main - Adding Dialogs
[2016-08-24 08:06:55.021] [INFO] main - Creating Root Intent
[2016-08-24 08:06:55.021] [INFO] main - Creating Root Intent
[2016-08-24 08:06:55.021] [INFO] main - Bot attached on [/api/messages]
[2016-08-24 08:06:55.021] [INFO] main - Rest Server started on 3978
[2016-08-24 08:11:15.916] [TRACE] main - Test Trace...
[2016-08-24 08:11:15.926] [DEBUG] main - Test Debug...
[2016-08-24 08:11:15.926] [INFO] main - Test Info...
[2016-08-24 08:11:15.926] [WARN] main - Test Warn...
[2016-08-24 08:11:15.926] [ERROR] main - Test Error...
[2016-08-24 08:11:15.926] [FATAL] main - Test Fatal...
[2016-08-24 08:11:15.926] [INFO] main - Logger Initialized...
[2016-08-24 08:11:15.926] [INFO] main - Starting App
[2016-08-24 08:11:16.036] [INFO] main - Creating Bot
[2016-08-24 08:11:16.046] [INFO] main - Adding Dialogs
[2016-08-24 08:11:16.046] [INFO] main - Creating Root Intent
[2016-08-24 08:11:16.046] [INFO] main - Creating LogWork Intent
[2016-08-24 08:11:16.046] [INFO] main - Bot attached on [/api/messages]
[2016-08-24 08:11:16.046] [INFO] main - Rest Server started on 3978
[2016-08-24 08:11:23.163] [INFO] main - sfdg
[2016-08-24 08:11:46.984] [TRACE] main - Test Trace...
[2016-08-24 08:11:46.994] [DEBUG] main - Test Debug...
[2016-08-24 08:11:46.994] [INFO] main - Test Info...
[2016-08-24 08:11:46.994] [WARN] main - Test Warn...
[2016-08-24 08:11:46.994] [ERROR] main - Test Error...
[2016-08-24 08:11:46.994] [FATAL] main - Test Fatal...
[2016-08-24 08:11:46.994] [INFO] main - Logger Initialized...
[2016-08-24 08:11:46.994] [INFO] main - Starting App
[2016-08-24 08:11:47.104] [INFO] main - Creating Bot
[2016-08-24 08:11:47.104] [INFO] main - Adding Dialogs
[2016-08-24 08:11:47.104] [INFO] main - Creating Root Intent
[2016-08-24 08:11:47.104] [INFO] main - Creating LogWork Intent
[2016-08-24 08:11:47.104] [INFO] main - Bot attached on [/api/messages]
[2016-08-24 08:11:47.114] [INFO] main - Rest Server started on 3978
[2016-08-24 08:11:52.351] [INFO] main - Message receive[esrf]
[2016-08-24 08:12:05.229] [INFO] main - Message receive[!logwork]
[2016-08-24 08:12:16.460] [INFO] main - Message receive[!logwork]
[2016-08-24 08:12:18.024] [INFO] main - Message receive[sdf]
[2016-08-24 08:12:20.097] [INFO] main - Message receive[sdfg]
[2016-08-24 08:13:01.704] [TRACE] main - Test Trace...
[2016-08-24 08:13:01.714] [DEBUG] main - Test Debug...
[2016-08-24 08:13:01.714] [INFO] main - Test Info...
[2016-08-24 08:13:01.714] [WARN] main - Test Warn...
[2016-08-24 08:13:01.714] [ERROR] main - Test Error...
[2016-08-24 08:13:01.714] [FATAL] main - Test Fatal...
[2016-08-24 08:13:01.714] [INFO] main - Logger Initialized...
[2016-08-24 08:13:01.714] [INFO] main - Starting App
[2016-08-24 08:13:01.824] [INFO] main - Creating Bot
[2016-08-24 08:13:01.824] [INFO] main - Adding Dialogs
[2016-08-24 08:13:01.824] [INFO] main - Creating Root Intent
[2016-08-24 08:13:01.824] [INFO] main - Creating LogWork Intent
[2016-08-24 08:13:01.824] [INFO] main - Bot attached on [/api/messages]
[2016-08-24 08:13:01.834] [INFO] main - Rest Server started on 3978
[2016-08-24 08:13:38.425] [TRACE] main - Test Trace...
[2016-08-24 08:13:38.425] [DEBUG] main - Test Debug...
[2016-08-24 08:13:38.425] [INFO] main - Test Info...
[2016-08-24 08:13:38.425] [WARN] main - Test Warn...
[2016-08-24 08:13:38.425] [ERROR] main - Test Error...
[2016-08-24 08:13:38.425] [FATAL] main - Test Fatal...
[2016-08-24 08:13:38.425] [INFO] main - Logger Initialized...
[2016-08-24 08:13:38.425] [INFO] main - Starting App
[2016-08-24 08:13:38.545] [INFO] main - Creating Bot
[2016-08-24 08:13:38.545] [INFO] main - Adding Dialogs
[2016-08-24 08:13:38.545] [INFO] main - Creating Root Intent
[2016-08-24 08:13:38.545] [INFO] main - Creating LogWork Intent
[2016-08-24 08:13:38.545] [INFO] main - Bot attached on [/api/messages]
[2016-08-24 08:13:38.555] [INFO] main - Rest Server started on 3978
[2016-08-24 08:13:43.402] [INFO] main - Message receive[sf]
[2016-08-24 08:13:51.320] [INFO] main - Message receive[ergf]
[2016-08-24 08:14:03.178] [INFO] main - Message receive[!logwork]
[2016-08-24 08:14:03.179] [INFO] main - Issue and time were inserted
[2016-08-24 08:14:53.740] [TRACE] main - Test Trace...
[2016-08-24 08:14:53.750] [DEBUG] main - Test Debug...
[2016-08-24 08:14:53.750] [INFO] main - Test Info...
[2016-08-24 08:14:53.750] [WARN] main - Test Warn...
[2016-08-24 08:14:53.750] [ERROR] main - Test Error...
[2016-08-24 08:14:53.750] [FATAL] main - Test Fatal...
[2016-08-24 08:14:53.750] [INFO] main - Logger Initialized...
[2016-08-24 08:14:53.750] [INFO] main - Starting App
[2016-08-24 08:14:53.840] [INFO] main - Creating Bot
[2016-08-24 08:14:53.840] [INFO] main - Adding Dialogs
[2016-08-24 08:14:53.840] [INFO] main - Creating Root Intent
[2016-08-24 08:14:53.840] [INFO] main - Creating LogWork Intent
[2016-08-24 08:14:53.840] [INFO] main - Bot attached on [/api/messages]
[2016-08-24 08:14:53.850] [INFO] main - Rest Server started on 3978
[2016-08-24 08:15:00.616] [INFO] main - Message receive[!logwork]
[2016-08-24 08:15:53.988] [TRACE] main - Test Trace...
[2016-08-24 08:15:53.988] [DEBUG] main - Test Debug...
[2016-08-24 08:15:53.988] [INFO] main - Test Info...
[2016-08-24 08:15:53.988] [WARN] main - Test Warn...
[2016-08-24 08:15:53.988] [ERROR] main - Test Error...
[2016-08-24 08:15:53.988] [FATAL] main - Test Fatal...
[2016-08-24 08:15:53.988] [INFO] main - Logger Initialized...
[2016-08-24 08:15:53.988] [INFO] main - Starting App
[2016-08-24 08:15:54.118] [INFO] main - Creating Bot
[2016-08-24 08:15:54.118] [INFO] main - Adding Dialogs
[2016-08-24 08:15:54.118] [INFO] main - Creating Root Intent
[2016-08-24 08:15:54.118] [INFO] main - Creating LogWork Intent
[2016-08-24 08:15:54.118] [INFO] main - Bot attached on [/api/messages]
[2016-08-24 08:15:54.118] [INFO] main - Rest Server started on 3978
[2016-08-24 08:16:01.344] [INFO] main - Message receive[!logwork]
[2016-08-24 08:16:08.845] [INFO] main - Message receive[blue]
[2016-08-24 08:16:16.218] [TRACE] main - Test Trace...
[2016-08-24 08:16:16.222] [DEBUG] main - Test Debug...
[2016-08-24 08:16:16.222] [INFO] main - Test Info...
[2016-08-24 08:16:16.223] [WARN] main - Test Warn...
[2016-08-24 08:16:16.223] [ERROR] main - Test Error...
[2016-08-24 08:16:16.223] [FATAL] main - Test Fatal...
[2016-08-24 08:16:16.223] [INFO] main - Logger Initialized...
[2016-08-24 08:16:16.223] [INFO] main - Starting App
[2016-08-24 08:16:16.325] [INFO] main - Creating Bot
[2016-08-24 08:16:16.325] [INFO] main - Adding Dialogs
[2016-08-24 08:16:16.326] [INFO] main - Creating Root Intent
[2016-08-24 08:16:16.326] [INFO] main - Creating LogWork Intent
[2016-08-24 08:16:16.326] [INFO] main - Bot attached on [/api/messages]
[2016-08-24 08:16:16.329] [INFO] main - Rest Server started on 3978
[2016-08-24 08:16:33.290] [INFO] main - Message receive[!logwork ILC]
[2016-08-24 08:17:00.869] [INFO] main - Message receive[!worklog ILC-111 1.3]
[2016-08-24 08:17:22.452] [INFO] main - Message receive[!logwork ILC-111 1.3]
[2016-08-24 08:17:53.247] [INFO] main - Message receive[!logwork ILC-111 1.3]
[2016-08-24 08:17:54.886] [INFO] main - Message receive[sddfgf]
[2016-08-24 08:17:56.841] [INFO] main - Message receive[blue]
[2016-08-24 08:18:51.963] [TRACE] main - Test Trace...
[2016-08-24 08:18:51.963] [DEBUG] main - Test Debug...
[2016-08-24 08:18:51.963] [INFO] main - Test Info...
[2016-08-24 08:18:51.963] [WARN] main - Test Warn...
[2016-08-24 08:18:51.963] [ERROR] main - Test Error...
[2016-08-24 08:18:51.963] [FATAL] main - Test Fatal...
[2016-08-24 08:18:51.963] [INFO] main - Logger Initialized...
[2016-08-24 08:18:51.963] [INFO] main - Starting App
[2016-08-24 08:18:52.063] [INFO] main - Creating Bot
[2016-08-24 08:18:52.063] [INFO] main - Adding Dialogs
[2016-08-24 08:18:52.063] [INFO] main - Creating Root Intent
[2016-08-24 08:18:52.063] [INFO] main - Creating LogWork Intent
[2016-08-24 08:18:52.063] [INFO] main - Bot attached on [/api/messages]
[2016-08-24 08:18:52.063] [INFO] main - Rest Server started on 3978
[2016-08-24 08:19:02.390] [INFO] main - Message receive[!logwork]
[2016-08-24 08:19:18.393] [INFO] main - Message receive[!logwork]
[2016-08-24 08:19:30.251] [INFO] main - Message receive[green]
[2016-08-24 08:19:34.732] [INFO] main - Message receive[!logwork]
[2016-08-24 08:20:03.599] [TRACE] main - Test Trace...
[2016-08-24 08:20:03.599] [DEBUG] main - Test Debug...
[2016-08-24 08:20:03.599] [INFO] main - Test Info...
[2016-08-24 08:20:03.599] [WARN] main - Test Warn...
[2016-08-24 08:20:03.599] [ERROR] main - Test Error...
[2016-08-24 08:20:03.599] [FATAL] main - Test Fatal...
[2016-08-24 08:20:03.599] [INFO] main - Logger Initialized...
[2016-08-24 08:20:03.599] [INFO] main - Starting App
[2016-08-24 08:20:03.699] [INFO] main - Creating Bot
[2016-08-24 08:20:03.699] [INFO] main - Adding Dialogs
[2016-08-24 08:20:03.699] [INFO] main - Creating Root Intent
[2016-08-24 08:20:03.699] [INFO] main - Creating LogWork Intent
[2016-08-24 08:20:03.699] [INFO] main - Bot attached on [/api/messages]
[2016-08-24 08:20:03.709] [INFO] main - Rest Server started on 3978
[2016-08-24 08:20:11.575] [INFO] main - Message receive[!logwork ILC-111 1.2]
[2016-08-24 08:20:37.841] [INFO] main - Message receive[!logwork]
[2016-08-24 08:20:49.663] [INFO] main - Issue and time were NOT inserted
[2016-08-24 08:21:03.165] [INFO] main - Message receive[!logwork ILC-222 1.2]
[2016-08-24 08:25:01.073] [TRACE] main - Test Trace...
[2016-08-24 08:25:01.073] [DEBUG] main - Test Debug...
[2016-08-24 08:25:01.073] [INFO] main - Test Info...
[2016-08-24 08:25:01.073] [WARN] main - Test Warn...
[2016-08-24 08:25:01.073] [ERROR] main - Test Error...
[2016-08-24 08:25:01.073] [FATAL] main - Test Fatal...
[2016-08-24 08:25:01.073] [INFO] main - Logger Initialized...
[2016-08-24 08:25:01.073] [INFO] main - Starting App
[2016-08-24 08:25:01.184] [INFO] main - Creating Bot
[2016-08-24 08:25:01.184] [INFO] main - Adding Dialogs
[2016-08-24 08:25:01.185] [INFO] main - Creating Root Intent
[2016-08-24 08:25:01.185] [INFO] main - Creating LogWork Intent
[2016-08-24 08:25:01.186] [INFO] main - Bot attached on [/api/messages]
[2016-08-24 08:25:01.189] [INFO] main - Rest Server started on 3978
[2016-08-24 08:25:11.524] [INFO] main - Message receive[!logwork ILC-222 1.2]
[2016-08-24 08:25:17.621] [INFO] main - Issue and time were inserted
[2016-08-24 08:27:51.935] [INFO] main - Message receive[!logwork]
[2016-08-24 08:35:05.686] [TRACE] main - Test Trace...
[2016-08-24 08:35:05.686] [DEBUG] main - Test Debug...
[2016-08-24 08:35:05.686] [INFO] main - Test Info...
[2016-08-24 08:35:05.686] [WARN] main - Test Warn...
[2016-08-24 08:35:05.686] [ERROR] main - Test Error...
[2016-08-24 08:35:05.686] [FATAL] main - Test Fatal...
[2016-08-24 08:35:05.686] [INFO] main - Logger Initialized...
[2016-08-24 08:35:05.686] [INFO] main - Starting App
[2016-08-24 08:35:05.806] [INFO] main - Creating Bot
[2016-08-24 08:35:05.806] [INFO] main - Adding Dialogs
[2016-08-24 08:35:05.806] [INFO] main - Creating Root Intent
[2016-08-24 08:35:05.806] [INFO] main - Creating LogWork Intent
[2016-08-24 08:35:05.806] [INFO] main - Bot attached on [/api/messages]
[2016-08-24 08:35:05.806] [INFO] main - Rest Server started on 3978
[2016-08-24 08:35:13.549] [INFO] main - Message receive[esf]
[2016-08-24 08:35:23.404] [INFO] main - Message receive[wderf]
[2016-08-24 08:35:38.583] [INFO] main - Message receive[!logwork]
[2016-08-24 08:35:38.583] [INFO] main - Issue and time were NOT inserted
[2016-08-24 08:36:44.343] [INFO] main - Message receive[dsfd]
[2016-08-24 08:36:59.217] [INFO] main - Message receive[!logwork]
[2016-08-24 08:36:59.218] [INFO] main - Issue and time were NOT inserted
[2016-08-24 08:37:19.138] [TRACE] main - Test Trace...
[2016-08-24 08:37:19.148] [DEBUG] main - Test Debug...
[2016-08-24 08:37:19.148] [INFO] main - Test Info...
[2016-08-24 08:37:19.148] [WARN] main - Test Warn...
[2016-08-24 08:37:19.148] [ERROR] main - Test Error...
[2016-08-24 08:37:19.148] [FATAL] main - Test Fatal...
[2016-08-24 08:37:19.148] [INFO] main - Logger Initialized...
[2016-08-24 08:37:19.148] [INFO] main - Starting App
[2016-08-24 08:37:19.268] [INFO] main - Creating Bot
[2016-08-24 08:37:19.268] [INFO] main - Adding Dialogs
[2016-08-24 08:37:19.268] [INFO] main - Creating Root Intent
[2016-08-24 08:37:19.268] [INFO] main - Creating LogWork Intent
[2016-08-24 08:37:19.268] [INFO] main - Bot attached on [/api/messages]
[2016-08-24 08:37:19.268] [INFO] main - Rest Server started on 3978
[2016-08-24 08:37:25.441] [INFO] main - Message receive[!logwork]
[2016-08-24 08:37:25.444] [INFO] main - Issue and time were NOT inserted
[2016-08-24 08:37:28.506] [INFO] main - Message receive[timetracker]
[2016-08-24 08:37:32.592] [INFO] main - Message receive[sdfd]
